<?xml version="1.0" encoding="UTF-8"?>
<!-- Generated by org.testng.reporters.JUnitReportReporter -->
<testsuite skipped="0" hostname="rupeshkumar02" name="testRunner.RunCucumberFeaturesTest" tests="1" failures="0" timestamp="2020-06-15T16:54:35 IST" time="43.859" errors="0">
  <testcase name="runScenario" time="43.859" classname="testRunner.RunCucumberFeaturesTest"/>
  <system-out/>
</testsuite> <!-- testRunner.RunCucumberFeaturesTest -->
